<?xml version="1.0" encoding="UTF-8"?>
<testsuite xmlns:xsi="http://www.w3.org/2001/XMLSchema-instance" xsi:noNamespaceSchemaLocation="https://maven.apache.org/surefire/maven-surefire-plugin/xsd/surefire-test-report-3.0.xsd" version="3.0" name="com.example.comp539_team2_backend.Comp539Team2BackendApplicationTests" time="9.337" tests="1" errors="0" skipped="0" failures="0">
  <properties>
[...]
</properties>
  <testcase name="contextLoads" classname="com.example.comp539_team2_backend.Comp539Team2BackendApplicationTests" time="1.622">
    <system-out><![CDATA[20:34:43.869 [main] INFO org.springframework.test.context.support.AnnotationConfigContextLoaderUtils -- Could not detect default configuration classes for test class [com.example.comp539_team2_backend.Comp539Team2BackendApplicationTests]: Comp539Team2BackendApplicationTests does not declare any static, non-private, non-final, nested classes annotated with @Configuration.
20:34:44.066 [main] INFO org.springframework.boot.test.context.SpringBootTestContextBootstrapper -- Found @SpringBootConfiguration com.example.comp539_team2_backend.Comp539Team2BackendApplication for test class com.example.comp539_team2_backend.Comp539Team2BackendApplicationTests

  .   ____          _            __ _ _
 /\\ / ___'_ __ _ _(_)_ __  __ _ \ \ \ \
( ( )\___ | '_ | '_| | '_ \/ _` | \ \ \ \
 \\/  ___)| |_)| | | | | || (_| |  ) ) ) )
  '  |____| .__|_| |_|_| |_\__, | / / / /
 =========|_|==============|___/=/_/_/_/
 :: Spring Boot ::                (v3.2.3)

2024-04-28T20:34:44.705-05:00  INFO 4080 --- [           main] .e.c.Comp539Team2BackendApplicationTests : Starting Comp539Team2BackendApplicationTests using Java 17.0.6 with PID 4080 (started by user in C:\Users\user\OneDrive\Desktop\comp539 final\backend\comp539_team2_backend)
2024-04-28T20:34:44.708-05:00  INFO 4080 --- [           main] .e.c.Comp539Team2BackendApplicationTests : No active profile set, falling back to 1 default profile: "default"
2024-04-28T20:34:48.793-05:00  WARN 4080 --- [           main] c.g.c.b.d.v2.stub.BigtableChannelPrimer  : Failed to prime channel: com.google.api.gax.rpc.PermissionDeniedException: io.grpc.StatusRuntimeException: PERMISSION_DENIED: Access denied. Missing IAM permission: bigtable.instances.ping.
2024-04-28T20:34:48.912-05:00  WARN 4080 --- [           main] c.g.c.b.d.v2.stub.BigtableChannelPrimer  : Failed to prime channel: com.google.api.gax.rpc.PermissionDeniedException: io.grpc.StatusRuntimeException: PERMISSION_DENIED: Access denied. Missing IAM permission: bigtable.instances.ping.
2024-04-28T20:34:49.020-05:00  WARN 4080 --- [           main] c.g.c.b.d.v2.stub.BigtableChannelPrimer  : Failed to prime channel: com.google.api.gax.rpc.PermissionDeniedException: io.grpc.StatusRuntimeException: PERMISSION_DENIED: Access denied. Missing IAM permission: bigtable.instances.ping.
2024-04-28T20:34:49.155-05:00  WARN 4080 --- [           main] c.g.c.b.d.v2.stub.BigtableChannelPrimer  : Failed to prime channel: com.google.api.gax.rpc.PermissionDeniedException: io.grpc.StatusRuntimeException: PERMISSION_DENIED: Access denied. Missing IAM permission: bigtable.instances.ping.
2024-04-28T20:34:49.254-05:00  WARN 4080 --- [           main] c.g.c.b.d.v2.stub.BigtableChannelPrimer  : Failed to prime channel: com.google.api.gax.rpc.PermissionDeniedException: io.grpc.StatusRuntimeException: PERMISSION_DENIED: Access denied. Missing IAM permission: bigtable.instances.ping.
2024-04-28T20:34:49.353-05:00  WARN 4080 --- [           main] c.g.c.b.d.v2.stub.BigtableChannelPrimer  : Failed to prime channel: com.google.api.gax.rpc.PermissionDeniedException: io.grpc.StatusRuntimeException: PERMISSION_DENIED: Access denied. Missing IAM permission: bigtable.instances.ping.
2024-04-28T20:34:49.450-05:00  WARN 4080 --- [           main] c.g.c.b.d.v2.stub.BigtableChannelPrimer  : Failed to prime channel: com.google.api.gax.rpc.PermissionDeniedException: io.grpc.StatusRuntimeException: PERMISSION_DENIED: Access denied. Missing IAM permission: bigtable.instances.ping.
2024-04-28T20:34:49.547-05:00  WARN 4080 --- [           main] c.g.c.b.d.v2.stub.BigtableChannelPrimer  : Failed to prime channel: com.google.api.gax.rpc.PermissionDeniedException: io.grpc.StatusRuntimeException: PERMISSION_DENIED: Access denied. Missing IAM permission: bigtable.instances.ping.
2024-04-28T20:34:49.649-05:00  WARN 4080 --- [           main] c.g.c.b.d.v2.stub.BigtableChannelPrimer  : Failed to prime channel: com.google.api.gax.rpc.PermissionDeniedException: io.grpc.StatusRuntimeException: PERMISSION_DENIED: Access denied. Missing IAM permission: bigtable.instances.ping.
2024-04-28T20:34:49.740-05:00  WARN 4080 --- [           main] c.g.c.b.d.v2.stub.BigtableChannelPrimer  : Failed to prime channel: com.google.api.gax.rpc.PermissionDeniedException: io.grpc.StatusRuntimeException: PERMISSION_DENIED: Access denied. Missing IAM permission: bigtable.instances.ping.
2024-04-28T20:34:49.933-05:00 DEBUG 4080 --- [           main] swordEncoderAuthenticationManagerBuilder : No authenticationProviders and no parentAuthenticationManager defined. Returning null.
2024-04-28T20:34:50.559-05:00  INFO 4080 --- [           main] o.s.s.web.DefaultSecurityFilterChain     : Will secure any request with [org.springframework.security.web.session.DisableEncodeUrlFilter@1109730f, org.springframework.security.web.context.request.async.WebAsyncManagerIntegrationFilter@1f42366, org.springframework.security.web.context.SecurityContextHolderFilter@7df4709e, org.springframework.security.web.header.HeaderWriterFilter@3b5da0b0, org.springframework.web.filter.CorsFilter@46c662f2, org.springframework.security.web.authentication.logout.LogoutFilter@786ff0ea, org.springframework.security.web.savedrequest.RequestCacheAwareFilter@625264ed, org.springframework.security.web.servletapi.SecurityContextHolderAwareRequestFilter@559fd5ec, org.springframework.security.web.authentication.AnonymousAuthenticationFilter@4afdfc0f, org.springframework.security.web.access.ExceptionTranslationFilter@5086623f, org.springframework.security.web.access.intercept.AuthorizationFilter@45297e7]
2024-04-28T20:34:51.249-05:00  INFO 4080 --- [           main] .e.c.Comp539Team2BackendApplicationTests : Started Comp539Team2BackendApplicationTests in 6.973 seconds (process running for 8.558)
]]></system-out>
    <system-err><![CDATA[SLF4J(W): Class path contains multiple SLF4J providers.
SLF4J(W): Found provider [ch.qos.logback.classic.spi.LogbackServiceProvider@346d61be]
SLF4J(W): Found provider [org.slf4j.reload4j.Reload4jServiceProvider@55536d9e]
SLF4J(W): See https://www.slf4j.org/codes.html#multiple_bindings for an explanation.
SLF4J(I): Actual provider is of type [ch.qos.logback.classic.spi.LogbackServiceProvider@346d61be]
]]></system-err>
  </testcase>
</testsuite>